<?xml version="1.0" encoding="UTF-8"?>
<dataset>
<TASKEVENT id="1" cmd="testing" config="mock" para="" registerdate="2014-11-10 16:50:39.585000" optlock="0" userid="1"/>
<TASKEVENT id="2" cmd="testing" config="mock" para="" registerdate="2014-11-10 16:50:39.585000" optlock="0" userid="1"/>
<TASKEVENT id="3" cmd="testing" config="mock" para="" registerdate="2014-11-10 16:50:39.585000" optlock="0" userid="1"/>
<TASKEVENT id="4" cmd="testing" config="mock" para="" registerdate="2014-11-10 16:50:39.585000" optlock="0" userid="1"/>
<TASKEVENT id="5" cmd="testing" config="mock" para="" registerdate="2014-11-10 16:50:39.585000" optlock="0" userid="1"/>
<TASKEVENT id="6" cmd="testing" config="mock" para="" registerdate="2014-11-10 16:50:39.585000" optlock="0" userid="1"/>
<TASKEVENT id="7" cmd="testing" config="mock" para="" registerdate="2014-11-10 16:50:39.585000" optlock="0" userid="1"/>
<TASKEVENT id="8" cmd="testing" config="mock" para="" registerdate="2014-11-10 16:50:39.585000" optlock="0" userid="1"/>
<TASKEVENT id="9" cmd="testing" config="mock" para="" registerdate="2014-11-10 16:50:39.585000" optlock="0" userid="1"/>
<TASKEVENT id="10" cmd="testing" config="mock" para="" registerdate="2014-11-10 16:50:39.585000" optlock="0" userid="1"/>
<TASKEVENT id="11" cmd="testing" config="mock" para="" registerdate="2014-11-10 16:50:39.585000" optlock="0" userid="1"/>
<TASKEVENTLOG id="1" logdate="2014-11-10 16:50:39.585000" message="testing" status="4" optlock="0" eventid="1"/>
<TASKEVENTLOG id="2" logdate="2014-11-10 16:50:39.585000" message="testing" status="4" optlock="0" eventid="2"/>
<TASKEVENTLOG id="3" logdate="2014-11-10 16:50:39.585000" message="testing" status="4" optlock="0" eventid="3"/>
<TASKEVENTLOG id="4" logdate="2014-11-10 16:50:39.585000" message="testing" status="4" optlock="0" eventid="4"/>
<TASKEVENTLOG id="5" logdate="2014-11-10 16:50:39.585000" message="testing" status="4" optlock="0" eventid="5"/>
<TASKEVENTLOG id="6" logdate="2014-11-10 16:50:39.585000" message="testing" status="4" optlock="0" eventid="6"/>
<TASKEVENTLOG id="7" logdate="2014-11-10 16:50:39.585000" message="testing" status="4" optlock="0" eventid="7"/>
<TASKEVENTLOG id="8" logdate="2014-11-10 16:50:39.585000" message="testing" status="4" optlock="0" eventid="8"/>
<TASKEVENTLOG id="9" logdate="2014-11-10 16:50:39.585000" message="testing" status="4" optlock="0" eventid="9"/>
<TASKEVENTLOG id="10" logdate="2014-11-10 16:50:39.585000" message="testing" status="4" optlock="0" eventid="10"/>
<TASKEVENTLOG id="11" logdate="2014-11-10 16:50:39.585000" message="testing" status="4" optlock="0" eventid="11"/>
<ORGANIZATIONS id="2" description="testing" optlock="0" enable="true" name="testorg1" parentid="1"/>
<ORGANIZATIONS id="3" description="testing" optlock="0" enable="true" name="testorg2" parentid="1"/>
<ORGANIZATIONS id="4" description="testing" optlock="0" enable="true" name="testorg3" parentid="1"/>
<ORGANIZATIONS id="5" description="testing" optlock="0" enable="true" name="testorg4" parentid="1"/>
<ORGANIZATIONS id="6" description="testing" optlock="0" enable="true" name="testorg5" parentid="1"/>
<ORGANIZATIONS id="7" description="testing" optlock="0" enable="true" name="testorg6" parentid="1"/>
<ORGANIZATIONS id="8" description="testing" optlock="0" enable="true" name="testorg7" parentid="1"/>
<ORGANIZATIONS id="9" description="testing" optlock="0" enable="true" name="testorg8" parentid="1"/>
<ORGANIZATIONS id="10" description="testing" optlock="0" enable="true" name="testorg9" parentid="1"/>
<ORGANIZATIONS id="11" description="testing" optlock="0" enable="true" name="testorg10" parentid="1"/>
<SCOPE id="4" description="testing" optlock="0" alias="testing" name="testing4"/>
<SCOPE id="5" description="testing" optlock="0" alias="testing" name="testing5"/>
<SCOPE id="6" description="testing" optlock="0" alias="testing" name="testing6"/>
<SCOPE id="7" description="testing" optlock="0" alias="testing" name="testing7"/>
<SCOPE id="8" description="testing" optlock="0" alias="testing" name="testing8"/>
<SCOPE id="9" description="testing" optlock="0" alias="testing" name="testing9"/>
<SCOPE id="10" description="testing" optlock="0" alias="testing" name="testing10"/>
<SCOPE id="11" description="testing" optlock="0" alias="testing" name="testing11"/>
<USERS id="2" description="testing" optlock="0" enable="true" key="GpRJi6lW1OcKbEAh9UdvRA==" loginname="test2" name="test2" password="6b8cb26ca1e72b301e3c7ab221f5f07e29f8e86f9a03f52b62bf5973e1dd94e0" salt="aSnGQpQoRD31+KEwdmUWdA==" secret="WA4y1YUuf1JGvBZbgQBzz6jArwCvM2WLCP7Atqkvx0Q=" organizationid="1" />
<USERS id="3" description="testing" optlock="0" enable="true" key="GpRJi6lW1OcKbEAh9UdvRA==" loginname="test3" name="test3" password="6b8cb26ca1e72b301e3c7ab221f5f07e29f8e86f9a03f52b62bf5973e1dd94e0" salt="aSnGQpQoRD31+KEwdmUWdA==" secret="WA4y1YUuf1JGvBZbgQBzz6jArwCvM2WLCP7Atqkvx0Q=" organizationid="1" />
<USERS id="4" description="testing" optlock="0" enable="true" key="GpRJi6lW1OcKbEAh9UdvRA==" loginname="test4" name="test4" password="6b8cb26ca1e72b301e3c7ab221f5f07e29f8e86f9a03f52b62bf5973e1dd94e0" salt="aSnGQpQoRD31+KEwdmUWdA==" secret="WA4y1YUuf1JGvBZbgQBzz6jArwCvM2WLCP7Atqkvx0Q=" organizationid="1" />
<USERS id="5" description="testing" optlock="0" enable="true" key="GpRJi6lW1OcKbEAh9UdvRA==" loginname="test5" name="test5" password="6b8cb26ca1e72b301e3c7ab221f5f07e29f8e86f9a03f52b62bf5973e1dd94e0" salt="aSnGQpQoRD31+KEwdmUWdA==" secret="WA4y1YUuf1JGvBZbgQBzz6jArwCvM2WLCP7Atqkvx0Q=" organizationid="1" />
<USERS id="6" description="testing" optlock="0" enable="true" key="GpRJi6lW1OcKbEAh9UdvRA==" loginname="test6" name="test6" password="6b8cb26ca1e72b301e3c7ab221f5f07e29f8e86f9a03f52b62bf5973e1dd94e0" salt="aSnGQpQoRD31+KEwdmUWdA==" secret="WA4y1YUuf1JGvBZbgQBzz6jArwCvM2WLCP7Atqkvx0Q=" organizationid="1" />
<USERS id="7" description="testing" optlock="0" enable="true" key="GpRJi6lW1OcKbEAh9UdvRA==" loginname="test7" name="test7" password="6b8cb26ca1e72b301e3c7ab221f5f07e29f8e86f9a03f52b62bf5973e1dd94e0" salt="aSnGQpQoRD31+KEwdmUWdA==" secret="WA4y1YUuf1JGvBZbgQBzz6jArwCvM2WLCP7Atqkvx0Q=" organizationid="1" />
<USERS id="8" description="testing" optlock="0" enable="true" key="GpRJi6lW1OcKbEAh9UdvRA==" loginname="test8" name="test8" password="6b8cb26ca1e72b301e3c7ab221f5f07e29f8e86f9a03f52b62bf5973e1dd94e0" salt="aSnGQpQoRD31+KEwdmUWdA==" secret="WA4y1YUuf1JGvBZbgQBzz6jArwCvM2WLCP7Atqkvx0Q=" organizationid="1" />
<USERS id="9" description="testing" optlock="0" enable="true" key="GpRJi6lW1OcKbEAh9UdvRA==" loginname="test9" name="test9" password="6b8cb26ca1e72b301e3c7ab221f5f07e29f8e86f9a03f52b62bf5973e1dd94e0" salt="aSnGQpQoRD31+KEwdmUWdA==" secret="WA4y1YUuf1JGvBZbgQBzz6jArwCvM2WLCP7Atqkvx0Q=" organizationid="1" />
<USERS id="10" description="testing" optlock="0" enable="true" key="GpRJi6lW1OcKbEAh9UdvRA==" loginname="test10" name="test10" password="6b8cb26ca1e72b301e3c7ab221f5f07e29f8e86f9a03f52b62bf5973e1dd94e0" salt="aSnGQpQoRD31+KEwdmUWdA==" secret="WA4y1YUuf1JGvBZbgQBzz6jArwCvM2WLCP7Atqkvx0Q=" organizationid="1" />
<USERS id="11" description="testing" optlock="0" enable="true" key="GpRJi6lW1OcKbEAh9UdvRA==" loginname="test11" name="test11" password="6b8cb26ca1e72b301e3c7ab221f5f07e29f8e86f9a03f52b62bf5973e1dd94e0" salt="aSnGQpQoRD31+KEwdmUWdA==" secret="WA4y1YUuf1JGvBZbgQBzz6jArwCvM2WLCP7Atqkvx0Q=" organizationid="1" />

</dataset>